<?xml version="1.0" encoding="UTF-8"?>
<testsuite xmlns:xsi="http://www.w3.org/2001/XMLSchema-instance" xsi:noNamespaceSchemaLocation="https://maven.apache.org/surefire/maven-surefire-plugin/xsd/surefire-test-report.xsd" name="com.squareup.javapoet.ClassNameTest" time="1.314" tests="13" errors="0" skipped="0" failures="0">
  <properties>
    <property name="sun.desktop" value="windows"/>
    <property name="awt.toolkit" value="sun.awt.windows.WToolkit"/>
    <property name="file.encoding.pkg" value="sun.io"/>
    <property name="java.specification.version" value="1.8"/>
    <property name="sun.cpu.isalist" value="amd64"/>
    <property name="sun.jnu.encoding" value="MS932"/>
    <property name="java.class.path" value="C:\Users\lotad\Desktop\latejavapoet\target\test-classes;C:\Users\lotad\Desktop\latejavapoet\target\classes;C:\Users\lotad\.m2\repository\com\google\truth\truth\0.39\truth-0.39.jar;C:\Users\lotad\.m2\repository\com\google\guava\guava\23.4-android\guava-23.4-android.jar;C:\Users\lotad\.m2\repository\com\google\code\findbugs\jsr305\1.3.9\jsr305-1.3.9.jar;C:\Users\lotad\.m2\repository\com\google\j2objc\j2objc-annotations\1.1\j2objc-annotations-1.1.jar;C:\Users\lotad\.m2\repository\org\codehaus\mojo\animal-sniffer-annotations\1.14\animal-sniffer-annotations-1.14.jar;C:\Users\lotad\.m2\repository\com\google\errorprone\error_prone_annotations\2.1.3\error_prone_annotations-2.1.3.jar;C:\Users\lotad\.m2\repository\com\google\testing\compile\compile-testing\0.15\compile-testing-0.15.jar;C:\Users\lotad\.m2\repository\com\google\truth\extensions\truth-java8-extension\0.37\truth-java8-extension-0.37.jar;C:\Users\lotad\.m2\repository\com\google\auto\value\auto-value\1.5.3\auto-value-1.5.3.jar;C:\Users\lotad\.m2\repository\com\google\auto\auto-common\0.9\auto-common-0.9.jar;C:\openjdk-1.8.0.222-2\jre\..\lib\tools.jar;C:\Users\lotad\.m2\repository\junit\junit\4.12\junit-4.12.jar;C:\Users\lotad\.m2\repository\org\hamcrest\hamcrest-core\1.3\hamcrest-core-1.3.jar;C:\Users\lotad\.m2\repository\org\pitest\pitest-junit5-plugin\0.8\pitest-junit5-plugin-0.8.jar;C:\Users\lotad\.m2\repository\org\pitest\pitest-maven\1.4.3\pitest-maven-1.4.3.jar;C:\Users\lotad\.m2\repository\org\pitest\pitest-entry\1.4.3\pitest-entry-1.4.3.jar;C:\Users\lotad\.m2\repository\org\pitest\pitest\1.4.3\pitest-1.4.3.jar;C:\Users\lotad\.m2\repository\org\pitest\pitest-html-report\1.4.3\pitest-html-report-1.4.3.jar;C:\Users\lotad\.m2\repository\org\pitest\pitest-aggregator\1.4.3\pitest-aggregator-1.4.3.jar;C:\Users\lotad\.m2\repository\org\apache\maven\maven-plugin-api\2.2.1\maven-plugin-api-2.2.1.jar;C:\Users\lotad\.m2\repository\org\apache\maven\reporting\maven-reporting-api\2.2.1\maven-reporting-api-2.2.1.jar;C:\Users\lotad\.m2\repository\org\apache\maven\doxia\doxia-sink-api\1.1\doxia-sink-api-1.1.jar;C:\Users\lotad\.m2\repository\org\apache\maven\doxia\doxia-logging-api\1.1\doxia-logging-api-1.1.jar;C:\Users\lotad\.m2\repository\org\apache\maven\reporting\maven-reporting-impl\2.0.4.3\maven-reporting-impl-2.0.4.3.jar;C:\Users\lotad\.m2\repository\org\apache\maven\doxia\doxia-core\1.0\doxia-core-1.0.jar;C:\Users\lotad\.m2\repository\org\apache\maven\doxia\doxia-site-renderer\1.0\doxia-site-renderer-1.0.jar;C:\Users\lotad\.m2\repository\org\codehaus\plexus\plexus-i18n\1.0-beta-7\plexus-i18n-1.0-beta-7.jar;C:\Users\lotad\.m2\repository\org\codehaus\plexus\plexus-velocity\1.1.7\plexus-velocity-1.1.7.jar;C:\Users\lotad\.m2\repository\org\apache\velocity\velocity\1.5\velocity-1.5.jar;C:\Users\lotad\.m2\repository\org\apache\maven\doxia\doxia-decoration-model\1.0\doxia-decoration-model-1.0.jar;C:\Users\lotad\.m2\repository\commons-collections\commons-collections\3.2\commons-collections-3.2.jar;C:\Users\lotad\.m2\repository\org\apache\maven\doxia\doxia-module-apt\1.0\doxia-module-apt-1.0.jar;C:\Users\lotad\.m2\repository\org\apache\maven\doxia\doxia-module-fml\1.0\doxia-module-fml-1.0.jar;C:\Users\lotad\.m2\repository\org\apache\maven\doxia\doxia-module-xdoc\1.0\doxia-module-xdoc-1.0.jar;C:\Users\lotad\.m2\repository\org\apache\maven\doxia\doxia-module-xhtml\1.0\doxia-module-xhtml-1.0.jar;C:\Users\lotad\.m2\repository\commons-validator\commons-validator\1.2.0\commons-validator-1.2.0.jar;C:\Users\lotad\.m2\repository\commons-beanutils\commons-beanutils\1.7.0\commons-beanutils-1.7.0.jar;C:\Users\lotad\.m2\repository\commons-digester\commons-digester\1.6\commons-digester-1.6.jar;C:\Users\lotad\.m2\repository\commons-logging\commons-logging\1.0.4\commons-logging-1.0.4.jar;C:\Users\lotad\.m2\repository\oro\oro\2.0.8\oro-2.0.8.jar;C:\Users\lotad\.m2\repository\xml-apis\xml-apis\1.0.b2\xml-apis-1.0.b2.jar;C:\Users\lotad\.m2\repository\org\apache\maven\shared\maven-doxia-tools\1.0.2\maven-doxia-tools-1.0.2.jar;C:\Users\lotad\.m2\repository\commons-io\commons-io\1.4\commons-io-1.4.jar;C:\Users\lotad\.m2\repository\org\apache\maven\maven-project\2.2.1\maven-project-2.2.1.jar;C:\Users\lotad\.m2\repository\org\apache\maven\maven-settings\2.2.1\maven-settings-2.2.1.jar;C:\Users\lotad\.m2\repository\org\apache\maven\maven-profile\2.2.1\maven-profile-2.2.1.jar;C:\Users\lotad\.m2\repository\org\apache\maven\maven-model\2.2.1\maven-model-2.2.1.jar;C:\Users\lotad\.m2\repository\org\apache\maven\maven-artifact-manager\2.2.1\maven-artifact-manager-2.2.1.jar;C:\Users\lotad\.m2\repository\org\apache\maven\maven-repository-metadata\2.2.1\maven-repository-metadata-2.2.1.jar;C:\Users\lotad\.m2\repository\org\apache\maven\wagon\wagon-provider-api\1.0-beta-6\wagon-provider-api-1.0-beta-6.jar;C:\Users\lotad\.m2\repository\backport-util-concurrent\backport-util-concurrent\3.1\backport-util-concurrent-3.1.jar;C:\Users\lotad\.m2\repository\org\apache\maven\maven-plugin-registry\2.2.1\maven-plugin-registry-2.2.1.jar;C:\Users\lotad\.m2\repository\org\codehaus\plexus\plexus-interpolation\1.11\plexus-interpolation-1.11.jar;C:\Users\lotad\.m2\repository\org\codehaus\plexus\plexus-container-default\1.0-alpha-9-stable-1\plexus-container-default-1.0-alpha-9-stable-1.jar;C:\Users\lotad\.m2\repository\classworlds\classworlds\1.1-alpha-2\classworlds-1.1-alpha-2.jar;C:\Users\lotad\.m2\repository\org\apache\maven\scm\maven-scm-api\1.9.4\maven-scm-api-1.9.4.jar;C:\Users\lotad\.m2\repository\org\apache\maven\scm\maven-scm-manager-plexus\1.9.4\maven-scm-manager-plexus-1.9.4.jar;C:\Users\lotad\.m2\repository\org\apache\maven\scm\maven-scm-provider-accurev\1.9.4\maven-scm-provider-accurev-1.9.4.jar;C:\Users\lotad\.m2\repository\org\apache\maven\scm\maven-scm-provider-bazaar\1.9.4\maven-scm-provider-bazaar-1.9.4.jar;C:\Users\lotad\.m2\repository\org\apache\maven\scm\maven-scm-provider-clearcase\1.9.4\maven-scm-provider-clearcase-1.9.4.jar;C:\Users\lotad\.m2\repository\org\apache\maven\scm\maven-scm-provider-cvsexe\1.9.4\maven-scm-provider-cvsexe-1.9.4.jar;C:\Users\lotad\.m2\repository\org\apache\maven\scm\maven-scm-provider-cvs-commons\1.9.4\maven-scm-provider-cvs-commons-1.9.4.jar;C:\Users\lotad\.m2\repository\org\apache\maven\scm\maven-scm-provider-cvsjava\1.9.4\maven-scm-provider-cvsjava-1.9.4.jar;C:\Users\lotad\.m2\repository\org\netbeans\lib\cvsclient\20060125\cvsclient-20060125.jar;C:\Users\lotad\.m2\repository\ch\ethz\ganymed\ganymed-ssh2\build210\ganymed-ssh2-build210.jar;C:\Users\lotad\.m2\repository\org\apache\maven\scm\maven-scm-provider-gitexe\1.9.4\maven-scm-provider-gitexe-1.9.4.jar;C:\Users\lotad\.m2\repository\commons-lang\commons-lang\2.6\commons-lang-2.6.jar;C:\Users\lotad\.m2\repository\org\apache\maven\scm\maven-scm-provider-git-commons\1.9.4\maven-scm-provider-git-commons-1.9.4.jar;C:\Users\lotad\.m2\repository\org\apache\maven\scm\maven-scm-provider-hg\1.9.4\maven-scm-provider-hg-1.9.4.jar;C:\Users\lotad\.m2\repository\org\apache\maven\scm\maven-scm-provider-perforce\1.9.4\maven-scm-provider-perforce-1.9.4.jar;C:\Users\lotad\.m2\repository\org\apache\maven\scm\maven-scm-provider-starteam\1.9.4\maven-scm-provider-starteam-1.9.4.jar;C:\Users\lotad\.m2\repository\org\apache\maven\scm\maven-scm-provider-svnexe\1.9.4\maven-scm-provider-svnexe-1.9.4.jar;C:\Users\lotad\.m2\repository\org\apache\maven\scm\maven-scm-provider-svn-commons\1.9.4\maven-scm-provider-svn-commons-1.9.4.jar;C:\Users\lotad\.m2\repository\org\apache\maven\scm\maven-scm-provider-synergy\1.9.4\maven-scm-provider-synergy-1.9.4.jar;C:\Users\lotad\.m2\repository\org\apache\maven\scm\maven-scm-provider-vss\1.9.4\maven-scm-provider-vss-1.9.4.jar;C:\Users\lotad\.m2\repository\org\apache\maven\scm\maven-scm-provider-tfs\1.9.4\maven-scm-provider-tfs-1.9.4.jar;C:\Users\lotad\.m2\repository\org\apache\maven\scm\maven-scm-provider-integrity\1.9.4\maven-scm-provider-integrity-1.9.4.jar;C:\Users\lotad\.m2\repository\com\mks\api\mksapi-jar\4.10.9049\mksapi-jar-4.10.9049.jar;C:\Users\lotad\.m2\repository\org\codehaus\groovy\groovy-all\1.7.6\groovy-all-1.7.6.jar;C:\Users\lotad\.m2\repository\org\apache\maven\scm\maven-scm-provider-jazz\1.9.4\maven-scm-provider-jazz-1.9.4.jar;C:\Users\lotad\.m2\repository\org\apache\maven\surefire\surefire-booter\2.17\surefire-booter-2.17.jar;C:\Users\lotad\.m2\repository\org\apache\maven\surefire\surefire-api\2.17\surefire-api-2.17.jar;C:\Users\lotad\.m2\repository\org\apache\maven\surefire\maven-surefire-common\2.17\maven-surefire-common-2.17.jar;C:\Users\lotad\.m2\repository\org\apache\maven\plugin-tools\maven-plugin-annotations\3.2\maven-plugin-annotations-3.2.jar;C:\Users\lotad\.m2\repository\org\apache\maven\maven-plugin-descriptor\2.0.9\maven-plugin-descriptor-2.0.9.jar;C:\Users\lotad\.m2\repository\org\apache\maven\maven-core\2.0.9\maven-core-2.0.9.jar;C:\Users\lotad\.m2\repository\org\apache\maven\maven-plugin-parameter-documenter\2.0.9\maven-plugin-parameter-documenter-2.0.9.jar;C:\Users\lotad\.m2\repository\org\apache\maven\maven-error-diagnostics\2.0.9\maven-error-diagnostics-2.0.9.jar;C:\Users\lotad\.m2\repository\org\apache\maven\maven-monitor\2.0.9\maven-monitor-2.0.9.jar;C:\Users\lotad\.m2\repository\org\apache\commons\commons-lang3\3.1\commons-lang3-3.1.jar;C:\Users\lotad\.m2\repository\org\apache\maven\maven-artifact\2.2.1\maven-artifact-2.2.1.jar;C:\Users\lotad\.m2\repository\org\apache\maven\maven-toolchain\2.2.1\maven-toolchain-2.2.1.jar;C:\Users\lotad\.m2\repository\org\slf4j\jul-to-slf4j\1.7.12\jul-to-slf4j-1.7.12.jar;C:\Users\lotad\.m2\repository\uk\org\lidalia\sysout-over-slf4j\1.0.2\sysout-over-slf4j-1.0.2.jar;C:\Users\lotad\.m2\repository\org\jacoco\jacoco-maven-plugin\0.8.2\jacoco-maven-plugin-0.8.2.jar;C:\Users\lotad\.m2\repository\org\codehaus\plexus\plexus-utils\3.0.22\plexus-utils-3.0.22.jar;C:\Users\lotad\.m2\repository\org\apache\maven\shared\file-management\1.2.1\file-management-1.2.1.jar;C:\Users\lotad\.m2\repository\org\apache\maven\shared\maven-shared-io\1.1\maven-shared-io-1.1.jar;C:\Users\lotad\.m2\repository\org\jacoco\org.jacoco.agent\0.8.2\org.jacoco.agent-0.8.2-runtime.jar;C:\Users\lotad\.m2\repository\org\jacoco\org.jacoco.core\0.8.2\org.jacoco.core-0.8.2.jar;C:\Users\lotad\.m2\repository\org\ow2\asm\asm\6.2.1\asm-6.2.1.jar;C:\Users\lotad\.m2\repository\org\ow2\asm\asm-commons\6.2.1\asm-commons-6.2.1.jar;C:\Users\lotad\.m2\repository\org\ow2\asm\asm-analysis\6.2.1\asm-analysis-6.2.1.jar;C:\Users\lotad\.m2\repository\org\ow2\asm\asm-tree\6.2.1\asm-tree-6.2.1.jar;C:\Users\lotad\.m2\repository\org\jacoco\org.jacoco.report\0.8.2\org.jacoco.report-0.8.2.jar;C:\Users\lotad\.m2\repository\org\slf4j\slf4j-simple\1.7.25\slf4j-simple-1.7.25.jar;C:\Users\lotad\.m2\repository\org\slf4j\slf4j-api\1.7.25\slf4j-api-1.7.25.jar;C:\Users\lotad\.m2\repository\com\google\jimfs\jimfs\1.1\jimfs-1.1.jar;C:\Users\lotad\.m2\repository\org\mockito\mockito-core\2.13.0\mockito-core-2.13.0.jar;C:\Users\lotad\.m2\repository\net\bytebuddy\byte-buddy\1.7.9\byte-buddy-1.7.9.jar;C:\Users\lotad\.m2\repository\net\bytebuddy\byte-buddy-agent\1.7.9\byte-buddy-agent-1.7.9.jar;C:\Users\lotad\.m2\repository\org\objenesis\objenesis\2.6\objenesis-2.6.jar;C:\Users\lotad\.m2\repository\org\eclipse\jdt\core\compiler\ecj\4.6.1\ecj-4.6.1.jar;"/>
    <property name="java.vm.vendor" value=""/>
    <property name="sun.arch.data.model" value="64"/>
    <property name="user.variant" value=""/>
    <property name="java.vendor.url" value="http://java.oracle.com/"/>
    <property name="user.timezone" value="GMT+09:00"/>
    <property name="java.vm.specification.version" value="1.8"/>
    <property name="os.name" value="Windows 10"/>
    <property name="user.country" value="JP"/>
    <property name="sun.java.launcher" value="SUN_STANDARD"/>
    <property name="sun.boot.library.path" value="C:\openjdk-1.8.0.222-2\jre\bin"/>
    <property name="sun.java.command" value="C:\Users\lotad\AppData\Local\Temp\surefire3062603811240119396\surefirebooter3994611316724425609.jar C:\Users\lotad\AppData\Local\Temp\surefire3062603811240119396 2023-01-10T08-36-00_838-jvmRun1 surefire135852920199322583tmp surefire_08246234125085471702tmp"/>
    <property name="surefire.test.class.path" value="C:\Users\lotad\Desktop\latejavapoet\target\test-classes;C:\Users\lotad\Desktop\latejavapoet\target\classes;C:\Users\lotad\.m2\repository\com\google\truth\truth\0.39\truth-0.39.jar;C:\Users\lotad\.m2\repository\com\google\guava\guava\23.4-android\guava-23.4-android.jar;C:\Users\lotad\.m2\repository\com\google\code\findbugs\jsr305\1.3.9\jsr305-1.3.9.jar;C:\Users\lotad\.m2\repository\com\google\j2objc\j2objc-annotations\1.1\j2objc-annotations-1.1.jar;C:\Users\lotad\.m2\repository\org\codehaus\mojo\animal-sniffer-annotations\1.14\animal-sniffer-annotations-1.14.jar;C:\Users\lotad\.m2\repository\com\google\errorprone\error_prone_annotations\2.1.3\error_prone_annotations-2.1.3.jar;C:\Users\lotad\.m2\repository\com\google\testing\compile\compile-testing\0.15\compile-testing-0.15.jar;C:\Users\lotad\.m2\repository\com\google\truth\extensions\truth-java8-extension\0.37\truth-java8-extension-0.37.jar;C:\Users\lotad\.m2\repository\com\google\auto\value\auto-value\1.5.3\auto-value-1.5.3.jar;C:\Users\lotad\.m2\repository\com\google\auto\auto-common\0.9\auto-common-0.9.jar;C:\openjdk-1.8.0.222-2\jre\..\lib\tools.jar;C:\Users\lotad\.m2\repository\junit\junit\4.12\junit-4.12.jar;C:\Users\lotad\.m2\repository\org\hamcrest\hamcrest-core\1.3\hamcrest-core-1.3.jar;C:\Users\lotad\.m2\repository\org\pitest\pitest-junit5-plugin\0.8\pitest-junit5-plugin-0.8.jar;C:\Users\lotad\.m2\repository\org\pitest\pitest-maven\1.4.3\pitest-maven-1.4.3.jar;C:\Users\lotad\.m2\repository\org\pitest\pitest-entry\1.4.3\pitest-entry-1.4.3.jar;C:\Users\lotad\.m2\repository\org\pitest\pitest\1.4.3\pitest-1.4.3.jar;C:\Users\lotad\.m2\repository\org\pitest\pitest-html-report\1.4.3\pitest-html-report-1.4.3.jar;C:\Users\lotad\.m2\repository\org\pitest\pitest-aggregator\1.4.3\pitest-aggregator-1.4.3.jar;C:\Users\lotad\.m2\repository\org\apache\maven\maven-plugin-api\2.2.1\maven-plugin-api-2.2.1.jar;C:\Users\lotad\.m2\repository\org\apache\maven\reporting\maven-reporting-api\2.2.1\maven-reporting-api-2.2.1.jar;C:\Users\lotad\.m2\repository\org\apache\maven\doxia\doxia-sink-api\1.1\doxia-sink-api-1.1.jar;C:\Users\lotad\.m2\repository\org\apache\maven\doxia\doxia-logging-api\1.1\doxia-logging-api-1.1.jar;C:\Users\lotad\.m2\repository\org\apache\maven\reporting\maven-reporting-impl\2.0.4.3\maven-reporting-impl-2.0.4.3.jar;C:\Users\lotad\.m2\repository\org\apache\maven\doxia\doxia-core\1.0\doxia-core-1.0.jar;C:\Users\lotad\.m2\repository\org\apache\maven\doxia\doxia-site-renderer\1.0\doxia-site-renderer-1.0.jar;C:\Users\lotad\.m2\repository\org\codehaus\plexus\plexus-i18n\1.0-beta-7\plexus-i18n-1.0-beta-7.jar;C:\Users\lotad\.m2\repository\org\codehaus\plexus\plexus-velocity\1.1.7\plexus-velocity-1.1.7.jar;C:\Users\lotad\.m2\repository\org\apache\velocity\velocity\1.5\velocity-1.5.jar;C:\Users\lotad\.m2\repository\org\apache\maven\doxia\doxia-decoration-model\1.0\doxia-decoration-model-1.0.jar;C:\Users\lotad\.m2\repository\commons-collections\commons-collections\3.2\commons-collections-3.2.jar;C:\Users\lotad\.m2\repository\org\apache\maven\doxia\doxia-module-apt\1.0\doxia-module-apt-1.0.jar;C:\Users\lotad\.m2\repository\org\apache\maven\doxia\doxia-module-fml\1.0\doxia-module-fml-1.0.jar;C:\Users\lotad\.m2\repository\org\apache\maven\doxia\doxia-module-xdoc\1.0\doxia-module-xdoc-1.0.jar;C:\Users\lotad\.m2\repository\org\apache\maven\doxia\doxia-module-xhtml\1.0\doxia-module-xhtml-1.0.jar;C:\Users\lotad\.m2\repository\commons-validator\commons-validator\1.2.0\commons-validator-1.2.0.jar;C:\Users\lotad\.m2\repository\commons-beanutils\commons-beanutils\1.7.0\commons-beanutils-1.7.0.jar;C:\Users\lotad\.m2\repository\commons-digester\commons-digester\1.6\commons-digester-1.6.jar;C:\Users\lotad\.m2\repository\commons-logging\commons-logging\1.0.4\commons-logging-1.0.4.jar;C:\Users\lotad\.m2\repository\oro\oro\2.0.8\oro-2.0.8.jar;C:\Users\lotad\.m2\repository\xml-apis\xml-apis\1.0.b2\xml-apis-1.0.b2.jar;C:\Users\lotad\.m2\repository\org\apache\maven\shared\maven-doxia-tools\1.0.2\maven-doxia-tools-1.0.2.jar;C:\Users\lotad\.m2\repository\commons-io\commons-io\1.4\commons-io-1.4.jar;C:\Users\lotad\.m2\repository\org\apache\maven\maven-project\2.2.1\maven-project-2.2.1.jar;C:\Users\lotad\.m2\repository\org\apache\maven\maven-settings\2.2.1\maven-settings-2.2.1.jar;C:\Users\lotad\.m2\repository\org\apache\maven\maven-profile\2.2.1\maven-profile-2.2.1.jar;C:\Users\lotad\.m2\repository\org\apache\maven\maven-model\2.2.1\maven-model-2.2.1.jar;C:\Users\lotad\.m2\repository\org\apache\maven\maven-artifact-manager\2.2.1\maven-artifact-manager-2.2.1.jar;C:\Users\lotad\.m2\repository\org\apache\maven\maven-repository-metadata\2.2.1\maven-repository-metadata-2.2.1.jar;C:\Users\lotad\.m2\repository\org\apache\maven\wagon\wagon-provider-api\1.0-beta-6\wagon-provider-api-1.0-beta-6.jar;C:\Users\lotad\.m2\repository\backport-util-concurrent\backport-util-concurrent\3.1\backport-util-concurrent-3.1.jar;C:\Users\lotad\.m2\repository\org\apache\maven\maven-plugin-registry\2.2.1\maven-plugin-registry-2.2.1.jar;C:\Users\lotad\.m2\repository\org\codehaus\plexus\plexus-interpolation\1.11\plexus-interpolation-1.11.jar;C:\Users\lotad\.m2\repository\org\codehaus\plexus\plexus-container-default\1.0-alpha-9-stable-1\plexus-container-default-1.0-alpha-9-stable-1.jar;C:\Users\lotad\.m2\repository\classworlds\classworlds\1.1-alpha-2\classworlds-1.1-alpha-2.jar;C:\Users\lotad\.m2\repository\org\apache\maven\scm\maven-scm-api\1.9.4\maven-scm-api-1.9.4.jar;C:\Users\lotad\.m2\repository\org\apache\maven\scm\maven-scm-manager-plexus\1.9.4\maven-scm-manager-plexus-1.9.4.jar;C:\Users\lotad\.m2\repository\org\apache\maven\scm\maven-scm-provider-accurev\1.9.4\maven-scm-provider-accurev-1.9.4.jar;C:\Users\lotad\.m2\repository\org\apache\maven\scm\maven-scm-provider-bazaar\1.9.4\maven-scm-provider-bazaar-1.9.4.jar;C:\Users\lotad\.m2\repository\org\apache\maven\scm\maven-scm-provider-clearcase\1.9.4\maven-scm-provider-clearcase-1.9.4.jar;C:\Users\lotad\.m2\repository\org\apache\maven\scm\maven-scm-provider-cvsexe\1.9.4\maven-scm-provider-cvsexe-1.9.4.jar;C:\Users\lotad\.m2\repository\org\apache\maven\scm\maven-scm-provider-cvs-commons\1.9.4\maven-scm-provider-cvs-commons-1.9.4.jar;C:\Users\lotad\.m2\repository\org\apache\maven\scm\maven-scm-provider-cvsjava\1.9.4\maven-scm-provider-cvsjava-1.9.4.jar;C:\Users\lotad\.m2\repository\org\netbeans\lib\cvsclient\20060125\cvsclient-20060125.jar;C:\Users\lotad\.m2\repository\ch\ethz\ganymed\ganymed-ssh2\build210\ganymed-ssh2-build210.jar;C:\Users\lotad\.m2\repository\org\apache\maven\scm\maven-scm-provider-gitexe\1.9.4\maven-scm-provider-gitexe-1.9.4.jar;C:\Users\lotad\.m2\repository\commons-lang\commons-lang\2.6\commons-lang-2.6.jar;C:\Users\lotad\.m2\repository\org\apache\maven\scm\maven-scm-provider-git-commons\1.9.4\maven-scm-provider-git-commons-1.9.4.jar;C:\Users\lotad\.m2\repository\org\apache\maven\scm\maven-scm-provider-hg\1.9.4\maven-scm-provider-hg-1.9.4.jar;C:\Users\lotad\.m2\repository\org\apache\maven\scm\maven-scm-provider-perforce\1.9.4\maven-scm-provider-perforce-1.9.4.jar;C:\Users\lotad\.m2\repository\org\apache\maven\scm\maven-scm-provider-starteam\1.9.4\maven-scm-provider-starteam-1.9.4.jar;C:\Users\lotad\.m2\repository\org\apache\maven\scm\maven-scm-provider-svnexe\1.9.4\maven-scm-provider-svnexe-1.9.4.jar;C:\Users\lotad\.m2\repository\org\apache\maven\scm\maven-scm-provider-svn-commons\1.9.4\maven-scm-provider-svn-commons-1.9.4.jar;C:\Users\lotad\.m2\repository\org\apache\maven\scm\maven-scm-provider-synergy\1.9.4\maven-scm-provider-synergy-1.9.4.jar;C:\Users\lotad\.m2\repository\org\apache\maven\scm\maven-scm-provider-vss\1.9.4\maven-scm-provider-vss-1.9.4.jar;C:\Users\lotad\.m2\repository\org\apache\maven\scm\maven-scm-provider-tfs\1.9.4\maven-scm-provider-tfs-1.9.4.jar;C:\Users\lotad\.m2\repository\org\apache\maven\scm\maven-scm-provider-integrity\1.9.4\maven-scm-provider-integrity-1.9.4.jar;C:\Users\lotad\.m2\repository\com\mks\api\mksapi-jar\4.10.9049\mksapi-jar-4.10.9049.jar;C:\Users\lotad\.m2\repository\org\codehaus\groovy\groovy-all\1.7.6\groovy-all-1.7.6.jar;C:\Users\lotad\.m2\repository\org\apache\maven\scm\maven-scm-provider-jazz\1.9.4\maven-scm-provider-jazz-1.9.4.jar;C:\Users\lotad\.m2\repository\org\apache\maven\surefire\surefire-booter\2.17\surefire-booter-2.17.jar;C:\Users\lotad\.m2\repository\org\apache\maven\surefire\surefire-api\2.17\surefire-api-2.17.jar;C:\Users\lotad\.m2\repository\org\apache\maven\surefire\maven-surefire-common\2.17\maven-surefire-common-2.17.jar;C:\Users\lotad\.m2\repository\org\apache\maven\plugin-tools\maven-plugin-annotations\3.2\maven-plugin-annotations-3.2.jar;C:\Users\lotad\.m2\repository\org\apache\maven\maven-plugin-descriptor\2.0.9\maven-plugin-descriptor-2.0.9.jar;C:\Users\lotad\.m2\repository\org\apache\maven\maven-core\2.0.9\maven-core-2.0.9.jar;C:\Users\lotad\.m2\repository\org\apache\maven\maven-plugin-parameter-documenter\2.0.9\maven-plugin-parameter-documenter-2.0.9.jar;C:\Users\lotad\.m2\repository\org\apache\maven\maven-error-diagnostics\2.0.9\maven-error-diagnostics-2.0.9.jar;C:\Users\lotad\.m2\repository\org\apache\maven\maven-monitor\2.0.9\maven-monitor-2.0.9.jar;C:\Users\lotad\.m2\repository\org\apache\commons\commons-lang3\3.1\commons-lang3-3.1.jar;C:\Users\lotad\.m2\repository\org\apache\maven\maven-artifact\2.2.1\maven-artifact-2.2.1.jar;C:\Users\lotad\.m2\repository\org\apache\maven\maven-toolchain\2.2.1\maven-toolchain-2.2.1.jar;C:\Users\lotad\.m2\repository\org\slf4j\jul-to-slf4j\1.7.12\jul-to-slf4j-1.7.12.jar;C:\Users\lotad\.m2\repository\uk\org\lidalia\sysout-over-slf4j\1.0.2\sysout-over-slf4j-1.0.2.jar;C:\Users\lotad\.m2\repository\org\jacoco\jacoco-maven-plugin\0.8.2\jacoco-maven-plugin-0.8.2.jar;C:\Users\lotad\.m2\repository\org\codehaus\plexus\plexus-utils\3.0.22\plexus-utils-3.0.22.jar;C:\Users\lotad\.m2\repository\org\apache\maven\shared\file-management\1.2.1\file-management-1.2.1.jar;C:\Users\lotad\.m2\repository\org\apache\maven\shared\maven-shared-io\1.1\maven-shared-io-1.1.jar;C:\Users\lotad\.m2\repository\org\jacoco\org.jacoco.agent\0.8.2\org.jacoco.agent-0.8.2-runtime.jar;C:\Users\lotad\.m2\repository\org\jacoco\org.jacoco.core\0.8.2\org.jacoco.core-0.8.2.jar;C:\Users\lotad\.m2\repository\org\ow2\asm\asm\6.2.1\asm-6.2.1.jar;C:\Users\lotad\.m2\repository\org\ow2\asm\asm-commons\6.2.1\asm-commons-6.2.1.jar;C:\Users\lotad\.m2\repository\org\ow2\asm\asm-analysis\6.2.1\asm-analysis-6.2.1.jar;C:\Users\lotad\.m2\repository\org\ow2\asm\asm-tree\6.2.1\asm-tree-6.2.1.jar;C:\Users\lotad\.m2\repository\org\jacoco\org.jacoco.report\0.8.2\org.jacoco.report-0.8.2.jar;C:\Users\lotad\.m2\repository\org\slf4j\slf4j-simple\1.7.25\slf4j-simple-1.7.25.jar;C:\Users\lotad\.m2\repository\org\slf4j\slf4j-api\1.7.25\slf4j-api-1.7.25.jar;C:\Users\lotad\.m2\repository\com\google\jimfs\jimfs\1.1\jimfs-1.1.jar;C:\Users\lotad\.m2\repository\org\mockito\mockito-core\2.13.0\mockito-core-2.13.0.jar;C:\Users\lotad\.m2\repository\net\bytebuddy\byte-buddy\1.7.9\byte-buddy-1.7.9.jar;C:\Users\lotad\.m2\repository\net\bytebuddy\byte-buddy-agent\1.7.9\byte-buddy-agent-1.7.9.jar;C:\Users\lotad\.m2\repository\org\objenesis\objenesis\2.6\objenesis-2.6.jar;C:\Users\lotad\.m2\repository\org\eclipse\jdt\core\compiler\ecj\4.6.1\ecj-4.6.1.jar;"/>
    <property name="sun.cpu.endian" value="little"/>
    <property name="user.home" value="C:\Users\lotad"/>
    <property name="user.language" value="ja"/>
    <property name="java.specification.vendor" value="Oracle Corporation"/>
    <property name="java.home" value="C:\openjdk-1.8.0.222-2\jre"/>
    <property name="basedir" value="C:\Users\lotad\Desktop\latejavapoet"/>
    <property name="file.separator" value="\"/>
    <property name="line.separator" value="&#10;"/>
    <property name="java.vm.specification.vendor" value="Oracle Corporation"/>
    <property name="java.specification.name" value="Java Platform API Specification"/>
    <property name="java.awt.graphicsenv" value="sun.awt.Win32GraphicsEnvironment"/>
    <property name="surefire.real.class.path" value="C:\Users\lotad\AppData\Local\Temp\surefire3062603811240119396\surefirebooter3994611316724425609.jar;C:\\Users\\lotad\\.m2\\repository\\org\\jacoco\\org.jacoco.agent\\0.8.2\\org.jacoco.agent-0.8.2-runtime.jar"/>
    <property name="sun.boot.class.path" value="C:\openjdk-1.8.0.222-2\jre\lib\resources.jar;C:\openjdk-1.8.0.222-2\jre\lib\rt.jar;C:\openjdk-1.8.0.222-2\jre\lib\sunrsasign.jar;C:\openjdk-1.8.0.222-2\jre\lib\jsse.jar;C:\openjdk-1.8.0.222-2\jre\lib\jce.jar;C:\openjdk-1.8.0.222-2\jre\lib\charsets.jar;C:\openjdk-1.8.0.222-2\jre\lib\jfr.jar;C:\openjdk-1.8.0.222-2\jre\classes"/>
    <property name="user.script" value=""/>
    <property name="sun.management.compiler" value="HotSpot 64-Bit Tiered Compilers"/>
    <property name="java.runtime.version" value="1.8.0_222-2-ojdkbuild-b10"/>
    <property name="user.name" value="lotad"/>
    <property name="path.separator" value=";"/>
    <property name="os.version" value="10.0"/>
    <property name="java.endorsed.dirs" value="C:\openjdk-1.8.0.222-2\jre\lib\endorsed"/>
    <property name="java.runtime.name" value="OpenJDK Runtime Environment"/>
    <property name="file.encoding" value="MS932"/>
    <property name="java.vm.name" value="OpenJDK 64-Bit Server VM"/>
    <property name="localRepository" value="C:\Users\lotad\.m2\repository"/>
    <property name="java.vendor.url.bug" value="http://bugreport.sun.com/bugreport/"/>
    <property name="java.io.tmpdir" value="C:\Users\lotad\AppData\Local\Temp\"/>
    <property name="java.version" value="1.8.0_222-2-ojdkbuild"/>
    <property name="user.dir" value="C:\Users\lotad\Desktop\latejavapoet"/>
    <property name="os.arch" value="amd64"/>
    <property name="java.vm.specification.name" value="Java Virtual Machine Specification"/>
    <property name="java.awt.printerjob" value="sun.awt.windows.WPrinterJob"/>
    <property name="sun.os.patch.level" value=""/>
    <property name="java.library.path" value="C:\openjdk-1.8.0.222-2\jre\bin;C:\WINDOWS\Sun\Java\bin;C:\WINDOWS\system32;C:\WINDOWS;C:/pleiades/2022-09/java/17/bin/server;C:/pleiades/2022-09/java/17/bin;C:\Program Files\Microsoft\jdk-11.0.12.7-hotspot\bin;C:\Program Files\Eclipse Adoptium\jdk-17.0.4.101-hotspot\bin;C:\Windows\system32;C:\Windows;C:\Windows\System32\Wbem;C:\Windows\System32\WindowsPowerShell\v1.0\;C:\Windows\System32\OpenSSH\;C:\Program Files (x86)\NVIDIA Corporation\PhysX\Common;C:\Program Files\Git\cmd;C:\Program Files\Docker\Docker\resources\bin;C:\ProgramData\DockerDesktop\version-bin;C:\Program Files\nodejs\;C:\Program Files\dotnet\;C:\Program Files\Go\bin;C:\WINDOWS\system32;C:\WINDOWS;C:\WINDOWS\System32\Wbem;C:\WINDOWS\System32\WindowsPowerShell\v1.0\;C:\WINDOWS\System32\OpenSSH\;C:\Program Files (x86)\sbt\bin;C:\Users\lotad\.cargo\bin;C:\Users\lotad\AppData\Local\Microsoft\WindowsApps;C:\Users\lotad\AppData\Local\Programs\Microsoft VS Code\bin;C:\src\flutter\bin;C:\Program Files (x86)\Vim\vim90;C:\MinGW\bin;C:\openjdk-1.8.0.222-2\bin;C:\apache-maven-3.8.6\bin;C:\Users\lotad\AppData\Roaming\npm;C:\texlive\2022\bin\win32;C:\Program Files\qemu;C:\Users\lotad\go\bin;C:\Program Files\PostgreSQL\14\bin;C:\Users\lotad\.dotnet\tools;C:\Program Files\heroku\bin;C:\Program Files\MongoDB\Server\6.0\bin;C:\Users\lotad\AppData\Local\Programs\mongosh\;C:\Users\lotad\Downloads\ghc-9.4.3-x86_64-unknown-mingw32\bin;;C:\pleiades\2022-09\eclipse;;."/>
    <property name="java.vm.info" value="mixed mode"/>
    <property name="java.vendor" value="Oracle Corporation"/>
    <property name="java.vm.version" value="25.222-b10"/>
    <property name="java.ext.dirs" value="C:\openjdk-1.8.0.222-2\jre\lib\ext;C:\WINDOWS\Sun\Java\lib\ext"/>
    <property name="sun.io.unicode.encoding" value="UnicodeLittle"/>
    <property name="java.class.version" value="52.0"/>
    <property name="jacoco-agent.destfile" value="target/jacoco.exec"/>
  </properties>
  <testcase name="bestGuessForString_confusingInput" classname="com.squareup.javapoet.ClassNameTest" time="0.032"/>
  <testcase name="bestGuessNonAscii" classname="com.squareup.javapoet.ClassNameTest" time="0.035"/>
  <testcase name="createNestedClass" classname="com.squareup.javapoet.ClassNameTest" time="0.033"/>
  <testcase name="reflectionName" classname="com.squareup.javapoet.ClassNameTest" time="0.033"/>
  <testcase name="fromClassRejectionTypes" classname="com.squareup.javapoet.ClassNameTest" time="0.032"/>
  <testcase name="classNameFromTypeElement" classname="com.squareup.javapoet.ClassNameTest" time="0.048"/>
  <testcase name="classNameFromTypeElementDoesntUseGetKind" classname="com.squareup.javapoet.ClassNameTest" time="0.849"/>
  <testcase name="classNameFromClass" classname="com.squareup.javapoet.ClassNameTest" time="0.088"/>
  <testcase name="bestGuessForString_defaultPackage" classname="com.squareup.javapoet.ClassNameTest" time="0.041"/>
  <testcase name="bestGuessForString_nestedClass" classname="com.squareup.javapoet.ClassNameTest" time="0.03"/>
  <testcase name="bestGuessForString_simpleClass" classname="com.squareup.javapoet.ClassNameTest" time="0.031"/>
  <testcase name="canonicalName" classname="com.squareup.javapoet.ClassNameTest" time="0.03"/>
  <testcase name="peerClass" classname="com.squareup.javapoet.ClassNameTest" time="0.03"/>
</testsuite>